0 info it worked if it ends with ok
1 verbose cli [ 'node', '/usr/bin/npm', 'start' ]
2 info using npm@2.14.8
3 info using node@v0.12.7
4 verbose node symlink /usr/bin/node
5 verbose run-script [ 'prestart', 'start', 'poststart' ]
6 info prestart clear-ui-material@0.0.1
7 info start clear-ui-material@0.0.1
8 verbose unsafe-perm in lifecycle true
9 info clear-ui-material@0.0.1 Failed to exec start script
10 verbose stack Error: clear-ui-material@0.0.1 start: `webpack-dev-server`
10 verbose stack spawn ENOENT
10 verbose stack     at ChildProcess.<anonymous> (/usr/lib/node_modules/npm/lib/utils/spawn.js:17:16)
10 verbose stack     at ChildProcess.emit (events.js:110:17)
10 verbose stack     at maybeClose (child_process.js:1015:16)
10 verbose stack     at Process.ChildProcess._handle.onexit (child_process.js:1087:5)
11 verbose pkgid clear-ui-material@0.0.1
12 verbose cwd /home/sunflowerdeath/dev/new/clear-ui-material
13 error Linux 4.2.0-23-generic
14 error argv "node" "/usr/bin/npm" "start"
15 error node v0.12.7
16 error npm  v2.14.8
17 error file sh
18 error code ELIFECYCLE
19 error errno ENOENT
20 error syscall spawn
21 error clear-ui-material@0.0.1 start: `webpack-dev-server`
21 error spawn ENOENT
22 error Failed at the clear-ui-material@0.0.1 start script 'webpack-dev-server'.
22 error This is most likely a problem with the clear-ui-material package,
22 error not with npm itself.
22 error Tell the author that this fails on your system:
22 error     webpack-dev-server
22 error You can get their info via:
22 error     npm owner ls clear-ui-material
22 error There is likely additional logging output above.
23 verbose exit [ 1, true ]
