0 info it worked if it ends with ok
1 verbose cli [ 'node', '/usr/bin/npm', 'run', 'docgen-watch' ]
2 info using npm@2.14.8
3 info using node@v0.12.7
4 verbose node symlink /usr/bin/node
5 verbose stack Error: missing script: docgen-watch
5 verbose stack     at run (/usr/lib/node_modules/npm/lib/run-script.js:142:19)
5 verbose stack     at /usr/lib/node_modules/npm/lib/run-script.js:58:5
5 verbose stack     at /usr/lib/node_modules/npm/node_modules/read-package-json/read-json.js:345:5
5 verbose stack     at checkBinReferences_ (/usr/lib/node_modules/npm/node_modules/read-package-json/read-json.js:309:45)
5 verbose stack     at final (/usr/lib/node_modules/npm/node_modules/read-package-json/read-json.js:343:3)
5 verbose stack     at then (/usr/lib/node_modules/npm/node_modules/read-package-json/read-json.js:113:5)
5 verbose stack     at /usr/lib/node_modules/npm/node_modules/read-package-json/read-json.js:284:20
5 verbose stack     at /usr/lib/node_modules/npm/node_modules/graceful-fs/graceful-fs.js:76:16
5 verbose stack     at fs.js:263:20
5 verbose stack     at /usr/lib/node_modules/npm/node_modules/graceful-fs/graceful-fs.js:230:16
6 verbose cwd /home/sunflowerdeath/dev/new/clear-ui/clear-ui-base
7 error Linux 4.2.0-35-generic
8 error argv "node" "/usr/bin/npm" "run" "docgen-watch"
9 error node v0.12.7
10 error npm  v2.14.8
11 error missing script: docgen-watch
12 error If you need help, you may report this error at:
12 error     <https://github.com/npm/npm/issues>
13 verbose exit [ 1, true ]
